<?xml version="1.0" encoding="UTF-8"?>
<!-- Generated by org.testng.reporters.JUnitReportReporter -->
<testsuite hostname="Navaneetha" failures="0" tests="2" name="xxx.AppiumTest" time="0.009" errors="0" timestamp="2024-03-13T19:31:25 EDT" skipped="0">
  <testcase classname="xxx.AppiumTest" name="IOSApps" time="0.007"/>
  <system-out/>
  <testcase classname="xxx.AppiumTest" name="NativeAppAndroid" time="0.002"/>
  <system-out/>
</testsuite> <!-- xxx.AppiumTest -->
