<?xml version="1.0" encoding="UTF-8"?>
<!-- Generated by org.testng.reporters.JUnitReportReporter -->
<testsuite hostname="Navaneetha" failures="0" tests="2" name="xxx.SeleniumTest" time="0.014" errors="0" timestamp="2024-03-13T19:31:25 EDT" skipped="0">
  <testcase classname="xxx.SeleniumTest" name="elementsUI" time="0.001"/>
  <system-out/>
  <testcase classname="xxx.SeleniumTest" name="BrowserAutomation" time="0.013"/>
  <system-out/>
</testsuite> <!-- xxx.SeleniumTest -->
