<?xml version="1.0" encoding="UTF-8"?>
<!-- Generated by org.testng.reporters.JUnitReportReporter -->
<testsuite hostname="Navaneetha" failures="0" tests="2" name="xxx.AppiumTest" time="0.002" errors="0" timestamp="2024-03-13T19:39:36 EDT" skipped="0">
  <testcase classname="xxx.AppiumTest" name="NativeAppAndroid" time="0.001"/>
  <testcase classname="xxx.AppiumTest" name="IOSApps" time="0.001"/>
</testsuite> <!-- xxx.AppiumTest -->
