<?xml version="1.0" encoding="UTF-8"?>
<!-- Generated by org.testng.reporters.JUnitReportReporter -->
<testsuite hostname="Navaneetha" failures="0" tests="2" name="xxx.RESTAPITest" time="0.007" errors="0" timestamp="2024-03-13T19:39:36 EDT" skipped="0">
  <testcase classname="xxx.RESTAPITest" name="deleteTwitter" time="0.006"/>
  <testcase classname="xxx.RESTAPITest" name="postJira" time="0.001"/>
</testsuite> <!-- xxx.RESTAPITest -->
